ACT_REPEAT=20 ACT_CORE_MASK=auto /act_infer_rk3588/run-golden.sh

{
  "mode": "golden-rknn",
  "backend": "rknn-npu",
  "model_path": "/act_infer_rk3588/model/model.rknn",
  "image_path": "/act_infer_rk3588/model/input.jpg",
  "normalize_path": "/act_infer_rk3588/model/stats.json",
  "state_path": "/act_infer_rk3588/model/input_state.bin",
  "golden_path": "/act_infer_rk3588/model/golden.json",
  "action_dim": 3,
  "chunk_steps": 8,
  "output_action_norm": [
    -0.34350586,
    -0.92626953,
    -1.0097656,
    -0.41674805,
    -0.79248047,
    -1.0136719,
    -0.4831543,
    -0.7397461,
    -1.0146484,
    -0.48950195,
    -0.73291016,
    -1.0146484,
    -0.4729004,
    -0.70166016,
    -1.0126953,
    -0.39282227,
    -0.63720703,
    -1.0146484,
    -0.20507812,
    -0.46777344,
    -1.0185547,
    0.059173584,
    -0.19812012,
    -1.0214844
  ],
  "output_action_denorm": [
    -0.0015258789,
    0.007373047,
    0.0,
    -0.012512207,
    0.020751953,
    0.0,
    -0.022473142,
    0.02602539,
    0.0,
    -0.023425288,
    0.026708985,
    0.0,
    -0.020935059,
    0.029833985,
    0.0,
    -0.008923337,
    0.0362793,
    0.0,
    0.019238286,
    0.053222656,
    0.0,
    0.058876045,
    0.08018799,
    0.0
  ],
  "max_abs_diff": 0.00024414062,
  "passed": true,
  "timing_ms": {
    "run_count": 20,
    "model_load_ms": 778.877459,
    "preprocess_ms": 88.683292,
    "normalize_state_ms": 0.006125,
    "inputs_set": {
      "avg_ms": 12.346465105263157,
      "p50_ms": 12.342459,
      "p95_ms": 12.3739006
    },
    "run": {
      "avg_ms": 22.182754315789474,
      "p50_ms": 22.452209,
      "p95_ms": 22.491058299999995
    },
    "outputs_get": {
      "avg_ms": 0.13989247368421057,
      "p50_ms": 0.140291,
      "p95_ms": 0.14183750000000003
    },
    "outputs_release": {
      "avg_ms": 0.003254473684210528,
      "p50_ms": 0.003209,
      "p95_ms": 0.0035
    },
    "npu_run": {
      "avg_ms": 22.52365,
      "p50_ms": 22.4435,
      "p95_ms": 22.83150000000001
    },
    "first_run_ms": 94.212708,
    "denormalize_ms": 0.008749999999999999,
    "infer_single_ms": 37.66866255000001,
    "infer_total_ms": 753.3732510000002
  },
  "peak_rss_kb": 25800
}



ACT_REPEAT=20 ACT_CORE_MASK=all /act_infer_rk3588/run-golden.sh

{
  "mode": "golden-rknn",
  "backend": "rknn-npu",
  "model_path": "/act_infer_rk3588/model/model.rknn",
  "image_path": "/act_infer_rk3588/model/input.jpg",
  "normalize_path": "/act_infer_rk3588/model/stats.json",
  "state_path": "/act_infer_rk3588/model/input_state.bin",
  "golden_path": "/act_infer_rk3588/model/golden.json",
  "action_dim": 3,
  "chunk_steps": 8,
  "output_action_norm": [
    -0.34350586,
    -0.92626953,
    -1.0097656,
    -0.41674805,
    -0.79248047,
    -1.0136719,
    -0.4831543,
    -0.7397461,
    -1.0146484,
    -0.48950195,
    -0.73291016,
    -1.0146484,
    -0.4729004,
    -0.70166016,
    -1.0126953,
    -0.39282227,
    -0.63720703,
    -1.0146484,
    -0.20507812,
    -0.46777344,
    -1.0185547,
    0.059173584,
    -0.19812012,
    -1.0214844
  ],
  "output_action_denorm": [
    -0.0015258789,
    0.007373047,
    0.0,
    -0.012512207,
    0.020751953,
    0.0,
    -0.022473142,
    0.02602539,
    0.0,
    -0.023425288,
    0.026708985,
    0.0,
    -0.020935059,
    0.029833985,
    0.0,
    -0.008923337,
    0.0362793,
    0.0,
    0.019238286,
    0.053222656,
    0.0,
    0.058876045,
    0.08018799,
    0.0
  ],
  "max_abs_diff": 0.00024414062,
  "passed": true,
  "timing_ms": {
    "run_count": 20,
    "model_load_ms": 778.885042,
    "preprocess_ms": 91.051333,
    "normalize_state_ms": 0.006125,
    "inputs_set": {
      "avg_ms": 12.34815347368421,
      "p50_ms": 12.343333,
      "p95_ms": 12.376320300000001
    },
    "run": {
      "avg_ms": 13.892098631578948,
      "p50_ms": 13.88975,
      "p95_ms": 13.917429799999999
    },
    "outputs_get": {
      "avg_ms": 0.1404297894736842,
      "p50_ms": 0.13999999999999999,
      "p95_ms": 0.1426247
    },
    "outputs_release": {
      "avg_ms": 0.0033311578947368436,
      "p50_ms": 0.003209,
      "p95_ms": 0.0035
    },
    "npu_run": {
      "avg_ms": 14.222799999999998,
      "p50_ms": 13.881499999999999,
      "p95_ms": 14.253850000000005
    },
    "first_run_ms": 85.785875,
    "denormalize_ms": 0.007291,
    "infer_single_ms": 29.3732687,
    "infer_total_ms": 587.465374
  },
  "peak_rss_kb": 25800
}



ACT_REPEAT=20 ACT_CORE_MASK=auto /act_infer_rk3588/run-review.sh left

{
  "mode": "review-rknn",
  "backend": "rknn-npu",
  "model_path": "/act_infer_rk3588/model/model.rknn",
  "image_path": "/act_infer_rk3588/model/review_left.jpg",
  "normalize_path": "/act_infer_rk3588/model/stats.json",
  "state_path": "/act_infer_rk3588/model/input_state.bin",
  "action_dim": 3,
  "chunk_steps": 8,
  "left_wheel": -0.0015258789,
  "right_wheel": 0.007373047,
  "speed_diff": 0.008898926,
  "direction": "left",
  "output_action_norm": [
    -0.34350586,
    -0.92626953,
    -1.0097656,
    -0.41674805,
    -0.79248047,
    -1.0136719,
    -0.4831543,
    -0.7397461,
    -1.0146484,
    -0.48950195,
    -0.73291016,
    -1.0146484,
    -0.4729004,
    -0.70166016,
    -1.0126953,
    -0.39282227,
    -0.63720703,
    -1.0146484,
    -0.20507812,
    -0.46777344,
    -1.0185547,
    0.059173584,
    -0.19812012,
    -1.0214844
  ],
  "output_action_denorm": [
    -0.0015258789,
    0.007373047,
    0.0,
    -0.012512207,
    0.020751953,
    0.0,
    -0.022473142,
    0.02602539,
    0.0,
    -0.023425288,
    0.026708985,
    0.0,
    -0.020935059,
    0.029833985,
    0.0,
    -0.008923337,
    0.0362793,
    0.0,
    0.019238286,
    0.053222656,
    0.0,
    0.058876045,
    0.08018799,
    0.0
  ],
  "timing_ms": {
    "run_count": 20,
    "model_load_ms": 778.9427909999999,
    "preprocess_ms": 87.6715,
    "normalize_state_ms": 0.007,
    "inputs_set": {
      "avg_ms": 12.348782736842105,
      "p50_ms": 12.345958000000001,
      "p95_ms": 12.373404200000001
    },
    "run": {
      "avg_ms": 22.180804842105264,
      "p50_ms": 22.45425,
      "p95_ms": 22.4861003
    },
    "outputs_get": {
      "avg_ms": 0.13970826315789472,
      "p50_ms": 0.13941699999999999,
      "p95_ms": 0.1411083
    },
    "outputs_release": {
      "avg_ms": 0.003346526315789475,
      "p50_ms": 0.003209,
      "p95_ms": 0.0035
    },
    "npu_run": {
      "avg_ms": 22.477249999999998,
      "p50_ms": 22.445,
      "p95_ms": 22.768000000000004
    },
    "first_run_ms": 93.285792,
    "denormalize_ms": 0.007583,
    "infer_single_ms": 37.62268125000001,
    "infer_total_ms": 752.4536250000001
  },
  "peak_rss_kb": 25760
}




ACT_REPEAT=20 ACT_CORE_MASK=all /act_infer_rk3588/run-review.sh left

{
  "mode": "review-rknn",
  "backend": "rknn-npu",
  "model_path": "/act_infer_rk3588/model/model.rknn",
  "image_path": "/act_infer_rk3588/model/review_left.jpg",
  "normalize_path": "/act_infer_rk3588/model/stats.json",
  "state_path": "/act_infer_rk3588/model/input_state.bin",
  "action_dim": 3,
  "chunk_steps": 8,
  "left_wheel": -0.0015258789,
  "right_wheel": 0.007373047,
  "speed_diff": 0.008898926,
  "direction": "left",
  "output_action_norm": [
    -0.34350586,
    -0.92626953,
    -1.0097656,
    -0.41674805,
    -0.79248047,
    -1.0136719,
    -0.4831543,
    -0.7397461,
    -1.0146484,
    -0.48950195,
    -0.73291016,
    -1.0146484,
    -0.4729004,
    -0.70166016,
    -1.0126953,
    -0.39282227,
    -0.63720703,
    -1.0146484,
    -0.20507812,
    -0.46777344,
    -1.0185547,
    0.059173584,
    -0.19812012,
    -1.0214844
  ],
  "output_action_denorm": [
    -0.0015258789,
    0.007373047,
    0.0,
    -0.012512207,
    0.020751953,
    0.0,
    -0.022473142,
    0.02602539,
    0.0,
    -0.023425288,
    0.026708985,
    0.0,
    -0.020935059,
    0.029833985,
    0.0,
    -0.008923337,
    0.0362793,
    0.0,
    0.019238286,
    0.053222656,
    0.0,
    0.058876045,
    0.08018799,
    0.0
  ],
  "timing_ms": {
    "run_count": 20,
    "model_load_ms": 778.6835,
    "preprocess_ms": 90.836083,
    "normalize_state_ms": 0.006417,
    "inputs_set": {
      "avg_ms": 12.34425447368421,
      "p50_ms": 12.340125,
      "p95_ms": 12.363079100000002
    },
    "run": {
      "avg_ms": 13.888061263157894,
      "p50_ms": 13.887125000000001,
      "p95_ms": 13.909233900000002
    },
    "outputs_get": {
      "avg_ms": 0.14039910526315788,
      "p50_ms": 0.13999999999999999,
      "p95_ms": 0.1421587
    },
    "outputs_release": {
      "avg_ms": 0.0033771578947368428,
      "p50_ms": 0.0035,
      "p95_ms": 0.0035
    },
    "npu_run": {
      "avg_ms": 14.21755,
      "p50_ms": 13.878499999999999,
      "p95_ms": 14.248900000000006
    },
    "first_run_ms": 85.52425,
    "denormalize_ms": 0.008457999999999999,
    "infer_single_ms": 29.3530271,
    "infer_total_ms": 587.0605419999999
  },
  "peak_rss_kb": 25760
}



ACT_REPEAT=20 ACT_CORE_MASK=auto /act_infer_rk3588/run-review.sh right

{
  "mode": "review-rknn",
  "backend": "rknn-npu",
  "model_path": "/act_infer_rk3588/model/model.rknn",
  "image_path": "/act_infer_rk3588/model/review_right.jpg",
  "normalize_path": "/act_infer_rk3588/model/stats.json",
  "state_path": "/act_infer_rk3588/model/input_state.bin",
  "action_dim": 3,
  "chunk_steps": 8,
  "left_wheel": 0.006164551,
  "right_wheel": -0.000390625,
  "speed_diff": -0.006555176,
  "direction": "right",
  "output_action_norm": [
    -0.29223633,
    -1.0039062,
    -1.0166016,
    -0.13586426,
    -1.2070312,
    -1.0185547,
    -0.09283447,
    -1.3046875,
    -1.0185547,
    -0.08288574,
    -1.3271484,
    -1.0205078,
    -0.029403687,
    -1.2822266,
    -1.0185547,
    -0.038604736,
    -1.2490234,
    -1.0136719,
    0.06335449,
    -0.9194336,
    -1.0205078,
    0.17077637,
    -0.44921875,
    -1.0224609
  ],
  "output_action_denorm": [
    0.006164551,
    -0.000390625,
    0.0,
    0.029620372,
    -0.020703126,
    0.0,
    0.03607484,
    -0.03046875,
    0.0,
    0.037567146,
    -0.032714844,
    0.0,
    0.045589454,
    -0.028222656,
    0.0,
    0.044209294,
    -0.024902344,
    0.0,
    0.059503175,
    0.008056641,
    0.0,
    0.07561646,
    0.055078126,
    0.0
  ],
  "timing_ms": {
    "run_count": 20,
    "model_load_ms": 778.9319999999999,
    "preprocess_ms": 89.35879200000001,
    "normalize_state_ms": 0.006417,
    "inputs_set": {
      "avg_ms": 12.348598578947367,
      "p50_ms": 12.343041000000001,
      "p95_ms": 12.3757086
    },
    "run": {
      "avg_ms": 22.14170610526316,
      "p50_ms": 22.460082999999997,
      "p95_ms": 22.4947042
    },
    "outputs_get": {
      "avg_ms": 0.14162705263157893,
      "p50_ms": 0.140875,
      "p95_ms": 0.1486622
    },
    "outputs_release": {
      "avg_ms": 0.0034233157894736858,
      "p50_ms": 0.0035,
      "p95_ms": 0.0035
    },
    "npu_run": {
      "avg_ms": 22.486849999999997,
      "p50_ms": 22.452,
      "p95_ms": 22.824150000000003
    },
    "first_run_ms": 94.262,
    "denormalize_ms": 0.007584,
    "infer_single_ms": 37.636098000000004,
    "infer_total_ms": 752.7219600000001
  },
  "peak_rss_kb": 25760
}





ACT_REPEAT=20 ACT_CORE_MASK=all /act_infer_rk3588/run-review.sh right


{
  "mode": "review-rknn",
  "backend": "rknn-npu",
  "model_path": "/act_infer_rk3588/model/model.rknn",
  "image_path": "/act_infer_rk3588/model/review_right.jpg",
  "normalize_path": "/act_infer_rk3588/model/stats.json",
  "state_path": "/act_infer_rk3588/model/input_state.bin",
  "action_dim": 3,
  "chunk_steps": 8,
  "left_wheel": 0.006164551,
  "right_wheel": -0.000390625,
  "speed_diff": -0.006555176,
  "direction": "right",
  "output_action_norm": [
    -0.29223633,
    -1.0039062,
    -1.0166016,
    -0.13586426,
    -1.2070312,
    -1.0185547,
    -0.09283447,
    -1.3046875,
    -1.0185547,
    -0.08288574,
    -1.3271484,
    -1.0205078,
    -0.029403687,
    -1.2822266,
    -1.0185547,
    -0.038604736,
    -1.2490234,
    -1.0136719,
    0.06335449,
    -0.9194336,
    -1.0205078,
    0.17077637,
    -0.44921875,
    -1.0224609
  ],
  "output_action_denorm": [
    0.006164551,
    -0.000390625,
    0.0,
    0.029620372,
    -0.020703126,
    0.0,
    0.03607484,
    -0.03046875,
    0.0,
    0.037567146,
    -0.032714844,
    0.0,
    0.045589454,
    -0.028222656,
    0.0,
    0.044209294,
    -0.024902344,
    0.0,
    0.059503175,
    0.008056641,
    0.0,
    0.07561646,
    0.055078126,
    0.0
  ],
  "timing_ms": {
    "run_count": 20,
    "model_load_ms": 780.069792,
    "preprocess_ms": 92.315417,
    "normalize_state_ms": 0.007,
    "inputs_set": {
      "avg_ms": 12.347324736842106,
      "p50_ms": 12.343625000000001,
      "p95_ms": 12.377837499999998
    },
    "run": {
      "avg_ms": 13.898730263157894,
      "p50_ms": 13.892667,
      "p95_ms": 13.9510875
    },
    "outputs_get": {
      "avg_ms": 0.14279389473684212,
      "p50_ms": 0.14116599999999999,
      "p95_ms": 0.15052949999999998
    },
    "outputs_release": {
      "avg_ms": 0.003392526315789475,
      "p50_ms": 0.0035,
      "p95_ms": 0.0035
    },
    "npu_run": {
      "avg_ms": 14.228,
      "p50_ms": 13.885,
      "p95_ms": 14.299500000000004
    },
    "first_run_ms": 85.808042,
    "denormalize_ms": 0.007291,
    "infer_single_ms": 29.382718699999998,
    "infer_total_ms": 587.654374
  },
  "peak_rss_kb": 25760
}
